--------------- Build Started: 02/06/2020 22:40:11 Project: SAHW, Configuration: ARM GCC 5.4-2016-q2-update Debug ---------------
The code generation step is up to date.
arm-none-eabi-gcc.exe -mcpu=cortex-m0 -mthumb -I. -IGenerated_Source\PSoC4 -Wa,-alh=.\CortexM0\ARM_GCC_541\Debug/main.lst -g -D DEBUG -D CY_CORE_ID=0 -Wall -ffunction-sections -ffat-lto-objects -Og -c main.c -o .\CortexM0\ARM_GCC_541\Debug\main.o
main.c: In function 'StackEventHandler':
main.c:88:35: warning: unused variable 'rdRspParam' [-Wunused-variable]
     CYBLE_GATTS_READ_RSP_PARAM_T *rdRspParam;
                                   ^
main.c:86:40: warning: unused variable 'wrReq' [-Wunused-variable]
     CYBLE_GATTS_WRITE_CMD_REQ_PARAM_T *wrReq;
                                        ^
arm-none-eabi-ar.exe -rs .\CortexM0\ARM_GCC_541\Debug\SAHW.a .\CortexM0\ARM_GCC_541\Debug\BLE.o .\CortexM0\ARM_GCC_541\Debug\BLE_gatt.o .\CortexM0\ARM_GCC_541\Debug\BLE_eventHandler.o .\CortexM0\ARM_GCC_541\Debug\BLE_HAL_INT.o .\CortexM0\ARM_GCC_541\Debug\BLE_HAL_PVT.o .\CortexM0\ARM_GCC_541\Debug\BLE_custom.o .\CortexM0\ARM_GCC_541\Debug\BLE_bless_isr.o .\CortexM0\ARM_GCC_541\Debug\cy_em_eeprom.o .\CortexM0\ARM_GCC_541\Debug\CyFlash.o .\CortexM0\ARM_GCC_541\Debug\CyLib.o .\CortexM0\ARM_GCC_541\Debug\cyPm.o .\CortexM0\ARM_GCC_541\Debug\cyutils.o .\CortexM0\ARM_GCC_541\Debug\CyLFClk.o .\CortexM0\ARM_GCC_541\Debug\SERIAL.o .\CortexM0\ARM_GCC_541\Debug\SERIAL_PM.o .\CortexM0\ARM_GCC_541\Debug\SERIAL_INT.o .\CortexM0\ARM_GCC_541\Debug\SERIAL_BOOT.o .\CortexM0\ARM_GCC_541\Debug\SERIAL_IntClock.o .\CortexM0\ARM_GCC_541\Debug\LED_BLUE.o .\CortexM0\ARM_GCC_541\Debug\LED_BLUE_PM.o .\CortexM0\ARM_GCC_541\Debug\LED_RED.o .\CortexM0\ARM_GCC_541\Debug\LED_RED_PM.o .\CortexM0\ARM_GCC_541\Debug\LED_GREEN.o .\CortexM0\ARM_GCC_541\Debug\LED_GREEN_PM.o .\CortexM0\ARM_GCC_541\Debug\CyBootAsmGnu.o
arm-none-eabi-ar.exe: creating .\CortexM0\ARM_GCC_541\Debug\SAHW.a
arm-none-eabi-gcc.exe -Wl,--start-group -o "C:\Users\20004719\OneDrive - PXL\PXL\Onderzoek\sahwd\PSOC_workspace\Workspace01\SAHW.cydsn\CortexM0\ARM_GCC_541\Debug\SAHW.elf" .\CortexM0\ARM_GCC_541\Debug\main.o .\CortexM0\ARM_GCC_541\Debug\cyfitter_cfg.o .\CortexM0\ARM_GCC_541\Debug\cymetadata.o .\CortexM0\ARM_GCC_541\Debug\Cm0Start.o .\CortexM0\ARM_GCC_541\Debug\SAHW.a "C:\Program Files (x86)\Cypress\PSoC Creator\4.2\PSoC Creator\psoc\content\CyComponentLibrary\CyComponentLibrary.cylib\BLE_v3_50\Library\gccCyBLEStack_BLE_SOC_PERIPHERAL.a" -mcpu=cortex-m0 -mthumb -L Generated_Source\PSoC4 -Wl,-Map,.\CortexM0\ARM_GCC_541\Debug/SAHW.map -T Generated_Source\PSoC4\cm0gcc.ld -specs=nano.specs -Wl,--gc-sections -g -ffunction-sections -Og -ffat-lto-objects -Wl,--end-group
cyelftool.exe -C "C:\Users\20004719\OneDrive - PXL\PXL\Onderzoek\sahwd\PSOC_workspace\Workspace01\SAHW.cydsn\CortexM0\ARM_GCC_541\Debug\SAHW.elf" --flash_row_size 128 --flash_size 131072 --flash_offset 0x00000000
No ELF section .cychecksum found, creating one
Application checksum calculated and stored in ELF section .cychecksum
Checksum calculated and stored in ELF section .cymeta
cyelftool.exe -S "C:\Users\20004719\OneDrive - PXL\PXL\Onderzoek\sahwd\PSOC_workspace\Workspace01\SAHW.cydsn\CortexM0\ARM_GCC_541\Debug\SAHW.elf"
Flash used: 81431 of 131072 bytes (62,1%).
SRAM used: 11020 of 16384 bytes (67,3%). Stack: 2048 bytes. Heap: 128 bytes.
--------------- Build Succeeded: 02/06/2020 22:40:19 ---------------
